#
# A fatal error has been detected by the Java Runtime Environment:
#
#  EXCEPTION_ACCESS_VIOLATION (0xc0000005) at pc=0x00007ff92f902c62, pid=2104, tid=0x0000000000002e7c
#
# JRE version: Java(TM) SE Runtime Environment (8.0_111-b14) (build 1.8.0_111-b14)
# Java VM: Java HotSpot(TM) 64-Bit Server VM (25.111-b14 mixed mode windows-amd64 compressed oops)
# Problematic frame:
# C  [ntdll.dll+0x32c62]
#
# Failed to write core dump. Minidumps are not enabled by default on client versions of Windows
#
# If you would like to submit a bug report, please visit:
#   http://bugreport.java.com/bugreport/crash.jsp
# The crash happened outside the Java Virtual Machine in native code.
# See problematic frame for where to report the bug.
#

---------------  T H R E A D  ---------------

Current thread (0x000000001ea24000):  JavaThread "Thread-0" [_thread_in_native, id=11900, stack(0x000000001f710000,0x000000001f810000)]

siginfo: ExceptionCode=0xc0000005, reading address 0x00007ff8fa098108

Registers:
RAX=0x0000000000003042, RBX=0x000000000000d95c, RCX=0x000000000000c114, RDX=0x0000000000001017
RSP=0x000000001f80dfa0, RBP=0x000000001f80e530, RSI=0x0000000000000000, RDI=0x00007ff8fa08c000
R8 =0x00007ff8f9ed0000, R9 =0x0000000000000009, R10=0x00007ff92fa4f510, R11=0x0000000000000011
R12=0x0000000000000000, R13=0x00007ff92fa418f0, R14=0x000000001f80e5d0, R15=0x000000001f80e548
RIP=0x00007ff92f902c62, EFLAGS=0x0000000000010206

Top of Stack: (sp=0x000000001f80dfa0)
0x000000001f80dfa0:   0000000000000000 0000000000000000
0x000000001f80dfb0:   000000001f80dfc0 000000001f80dfc8
0x000000001f80dfc0:   00007ff8fa08c000 00007ff8f9ed0000
0x000000001f80dfd0:   0000c114001ce000 0000000000000000
0x000000001f80dfe0:   00007ff8f9edd95c 00007ff92f92136c
0x000000001f80dff0:   000000001f80ebf0 0000000000000000
0x000000001f80e000:   0000000000000000 000000001f80e030
0x000000001f80e010:   000000001f80e030 000000001f80e550
0x000000001f80e020:   000000001f80e540 0000000000000000
0x000000001f80e030:   000000001c46ba40 0000000000000000
0x000000001f80e040:   0000000000000000 000000001c5ab110
0x000000001f80e050:   0000000000000000 0000000000000000
0x000000001f80e060:   00001fa00010000f 0000000000000033
0x000000001f80e070:   00010213002b0000 0000000000000000
0x000000001f80e080:   000000001f80e030 0000000002fb79c0
0x000000001f80e090:   0000000000000000 0000000002fb79cf 

Instructions: (pc=0x00007ff92f902c62)
0x00007ff92f902c42:   aa 4c 8b 44 24 28 33 f6 48 f7 e1 4d 89 07 48 c1
0x00007ff92f902c52:   ea 03 85 d2 74 73 8d 42 ff 49 2b d8 48 8d 04 40
0x00007ff92f902c62:   44 8b 1c 87 4c 8d 14 87 49 3b db 73 48 44 8d 42
0x00007ff92f902c72:   fe 44 8b ce 45 85 c0 78 3c 0f 1f 44 00 00 43 8d 


Register to memory mapping:

RAX=0x0000000000003042 is an unknown value
RBX=0x000000000000d95c is an unknown value
RCX=0x000000000000c114 is an unknown value
RDX=0x0000000000001017 is an unknown value
RSP=0x000000001f80dfa0 is pointing into the stack for thread: 0x000000001ea24000
RBP=0x000000001f80e530 is pointing into the stack for thread: 0x000000001ea24000
RSI=0x0000000000000000 is an unknown value
RDI=0x00007ff8fa08c000 is an unknown value
R8 =0x00007ff8f9ed0000 is an unknown value
R9 =0x0000000000000009 is an unknown value
R10=0x00007ff92fa4f510 is an unknown value
R11=0x0000000000000011 is an unknown value
R12=0x0000000000000000 is an unknown value
R13=0x00007ff92fa418f0 is an unknown value
R14=0x000000001f80e5d0 is pointing into the stack for thread: 0x000000001ea24000
R15=0x000000001f80e548 is pointing into the stack for thread: 0x000000001ea24000


Stack: [0x000000001f710000,0x000000001f810000],  sp=0x000000001f80dfa0,  free space=1015k
Native frames: (J=compiled Java code, j=interpreted, Vv=VM code, C=native code)
C  [ntdll.dll+0x32c62]
C  [ntdll.dll+0x5136c]
C  [ntdll.dll+0xa0cae]
C  [ntdll.dll+0x63416]
C  [ntdll.dll+0x2fcb4]
C  [ntdll.dll+0x2fae2]
C  0x00007ff8f9edd95c

Java frames: (J=compiled Java code, j=interpreted, Vv=VM code)
j  sun.java2d.d3d.D3DSurfaceData.initOps(III)V+0
j  sun.java2d.d3d.D3DSurfaceData.<init>(Lsun/awt/windows/WComponentPeer;Lsun/java2d/d3d/D3DGraphicsConfig;IILjava/awt/Image;Ljava/awt/image/ColorModel;IILsun/java2d/pipe/hw/ExtendedBufferCapabilities$VSyncType;I)V+76
j  sun.java2d.d3d.D3DSurfaceData.createData(Lsun/awt/windows/WComponentPeer;Ljava/awt/Image;)Lsun/java2d/d3d/D3DSurfaceData;+117
j  sun.java2d.d3d.D3DVolatileSurfaceManager.initAcceleratedSurface()Lsun/java2d/SurfaceData;+59
j  sun.java2d.d3d.D3DVolatileSurfaceManager.restoreAcceleratedSurface()V+62
J 1175 C1 sun.awt.image.VolatileSurfaceManager.validate(Ljava/awt/GraphicsConfiguration;)I (204 bytes) @ 0x00000000034d5cb4 [0x00000000034d5660+0x654]
J 1174 C1 sun.awt.image.SunVolatileImage.validate(Ljava/awt/GraphicsConfiguration;)I (9 bytes) @ 0x00000000034d5244 [0x00000000034d5140+0x104]
J 1208 C1 java.awt.Component$FlipBufferStrategy.revalidate(Z)V (143 bytes) @ 0x00000000034fde34 [0x00000000034fd900+0x534]
J 1182 C1 java.awt.Component$FlipBufferStrategy.getDrawGraphics()Ljava/awt/Graphics; (12 bytes) @ 0x00000000034e490c [0x00000000034e4740+0x1cc]
J 1178 C1 Game.engine.Game.render()V (1124 bytes) @ 0x00000000034d9f1c [0x00000000034d9d20+0x1fc]
J 1075% C2 Game.engine.Game.run()V (114 bytes) @ 0x0000000003483164 [0x00000000034830e0+0x84]
j  java.lang.Thread.run()V+11
v  ~StubRoutines::call_stub

---------------  P R O C E S S  ---------------

Java Threads: ( => current thread )
  0x000000001ebbd800 JavaThread "Thread-1" daemon [_thread_in_native, id=7224, stack(0x000000002a5d0000,0x000000002a6d0000)]
  0x000000001fa33800 JavaThread "AWT-EventQueue-0" [_thread_blocked, id=15004, stack(0x00000000268e0000,0x00000000269e0000)]
  0x000000001fa0d800 JavaThread "AWT-Shutdown" [_thread_blocked, id=9908, stack(0x0000000020290000,0x0000000020390000)]
  0x000000001f9c4000 JavaThread "Java2D Disposer" daemon [_thread_blocked, id=13160, stack(0x0000000020180000,0x0000000020280000)]
  0x0000000002e70800 JavaThread "DestroyJavaVM" [_thread_blocked, id=10844, stack(0x0000000002d70000,0x0000000002e70000)]
=>0x000000001ea24000 JavaThread "Thread-0" [_thread_in_native, id=11900, stack(0x000000001f710000,0x000000001f810000)]
  0x000000001e9c0800 JavaThread "Service Thread" daemon [_thread_blocked, id=7976, stack(0x000000001f510000,0x000000001f610000)]
  0x000000001e94a000 JavaThread "C1 CompilerThread3" daemon [_thread_blocked, id=13416, stack(0x000000001f410000,0x000000001f510000)]
  0x000000001e929000 JavaThread "C2 CompilerThread2" daemon [_thread_blocked, id=11856, stack(0x000000001f310000,0x000000001f410000)]
  0x000000001e921000 JavaThread "C2 CompilerThread1" daemon [_thread_blocked, id=7052, stack(0x000000001f210000,0x000000001f310000)]
  0x000000001e919800 JavaThread "C2 CompilerThread0" daemon [_thread_blocked, id=3636, stack(0x000000001f110000,0x000000001f210000)]
  0x000000001e917000 JavaThread "Attach Listener" daemon [_thread_blocked, id=15084, stack(0x000000001f010000,0x000000001f110000)]
  0x000000001e916000 JavaThread "Signal Dispatcher" daemon [_thread_blocked, id=11324, stack(0x000000001ef10000,0x000000001f010000)]
  0x0000000002f6e000 JavaThread "Finalizer" daemon [_thread_blocked, id=900, stack(0x000000001ecf0000,0x000000001edf0000)]
  0x0000000002f66000 JavaThread "Reference Handler" daemon [_thread_blocked, id=3576, stack(0x000000001e7f0000,0x000000001e8f0000)]

Other Threads:
  0x000000001ca09800 VMThread [stack: 0x000000001e6f0000,0x000000001e7f0000] [id=9148]
  0x000000001e9d3000 WatcherThread [stack: 0x000000001f610000,0x000000001f710000] [id=12972]

VM state:not at safepoint (normal execution)

VM Mutex/Monitor currently owned by a thread: None

Heap:
 PSYoungGen      total 141824K, used 114729K [0x000000076b200000, 0x000000077c700000, 0x00000007c0000000)
  eden space 131072K, 87% used [0x000000076b200000,0x000000077220a798,0x0000000773200000)
  from space 10752K, 0% used [0x0000000773200000,0x0000000773200000,0x0000000773c80000)
  to   space 10752K, 0% used [0x000000077bc80000,0x000000077bc80000,0x000000077c700000)
 ParOldGen       total 369152K, used 169741K [0x00000006c1600000, 0x00000006d7e80000, 0x000000076b200000)
  object space 369152K, 45% used [0x00000006c1600000,0x00000006cbbc3538,0x00000006d7e80000)
 Metaspace       used 10633K, capacity 10839K, committed 11136K, reserved 1058816K
  class space    used 1252K, capacity 1323K, committed 1408K, reserved 1048576K

Card table byte_map: [0x0000000012330000,0x0000000012b30000] byte_map_base: 0x000000000ed25000

Marking Bits: (ParMarkBitMap*) 0x000000006d97a6c0
 Begin Bits: [0x0000000013880000, 0x0000000017828000)
 End Bits:   [0x0000000017828000, 0x000000001b7d0000)

Polling page: 0x0000000002d00000

CodeCache: size=245760Kb used=6094Kb max_used=6105Kb free=239665Kb
 bounds [0x0000000002f70000, 0x0000000003570000, 0x0000000011f70000]
 total_blobs=1760 nmethods=1275 adapters=398
 compilation: enabled

Compilation events (10 events):
Event: 34.644 Thread 0x000000001e929000 1271       4       java.security.AccessControlContext::optimize (318 bytes)
Event: 34.646 Thread 0x000000001e929000 nmethod 1271 0x0000000003565110 code [0x0000000003565260, 0x0000000003565508]
Event: 34.712 Thread 0x000000001e921000 1272       4       java.awt.EventQueue::getNextEventPrivate (76 bytes)
Event: 34.714 Thread 0x000000001e921000 nmethod 1272 0x0000000003569690 code [0x00000000035697e0, 0x0000000003569a78]
Event: 34.939 Thread 0x000000001e919800 1273       4       java.awt.Component::getCursor_NoClientCode (30 bytes)
Event: 34.940 Thread 0x000000001e919800 nmethod 1273 0x0000000003569390 code [0x00000000035694e0, 0x00000000035695a8]
Event: 37.426 Thread 0x000000001e929000 1274       4       java.util.concurrent.locks.ReentrantLock$Sync::isHeldExclusively (16 bytes)
Event: 37.426 Thread 0x000000001e929000 nmethod 1274 0x0000000003520150 code [0x0000000003520280, 0x0000000003520318]
Event: 37.512 Thread 0x000000001e921000 1275       4       java.security.AccessControlContext::<init> (63 bytes)
Event: 37.512 Thread 0x000000001e921000 nmethod 1275 0x00000000035340d0 code [0x0000000003534200, 0x00000000035342b8]

GC Heap History (8 events):
Event: 1.887 GC heap before
{Heap before GC invocations=1 (full 0):
 PSYoungGen      total 76288K, used 65536K [0x000000076b200000, 0x0000000770700000, 0x00000007c0000000)
  eden space 65536K, 100% used [0x000000076b200000,0x000000076f200000,0x000000076f200000)
  from space 10752K, 0% used [0x000000076fc80000,0x000000076fc80000,0x0000000770700000)
  to   space 10752K, 0% used [0x000000076f200000,0x000000076f200000,0x000000076fc80000)
 ParOldGen       total 175104K, used 0K [0x00000006c1600000, 0x00000006cc100000, 0x000000076b200000)
  object space 175104K, 0% used [0x00000006c1600000,0x00000006c1600000,0x00000006cc100000)
 Metaspace       used 9925K, capacity 10128K, committed 10368K, reserved 1058816K
  class space    used 1198K, capacity 1291K, committed 1408K, reserved 1048576K
Event: 1.907 GC heap after
Heap after GC invocations=1 (full 0):
 PSYoungGen      total 76288K, used 10740K [0x000000076b200000, 0x0000000774700000, 0x00000007c0000000)
  eden space 65536K, 0% used [0x000000076b200000,0x000000076b200000,0x000000076f200000)
  from space 10752K, 99% used [0x000000076f200000,0x000000076fc7d0f0,0x000000076fc80000)
  to   space 10752K, 0% used [0x0000000773c80000,0x0000000773c80000,0x0000000774700000)
 ParOldGen       total 175104K, used 40376K [0x00000006c1600000, 0x00000006cc100000, 0x000000076b200000)
  object space 175104K, 23% used [0x00000006c1600000,0x00000006c3d6e000,0x00000006cc100000)
 Metaspace       used 9925K, capacity 10128K, committed 10368K, reserved 1058816K
  class space    used 1198K, capacity 1291K, committed 1408K, reserved 1048576K
}
Event: 2.229 GC heap before
{Heap before GC invocations=2 (full 0):
 PSYoungGen      total 76288K, used 76276K [0x000000076b200000, 0x0000000774700000, 0x00000007c0000000)
  eden space 65536K, 100% used [0x000000076b200000,0x000000076f200000,0x000000076f200000)
  from space 10752K, 99% used [0x000000076f200000,0x000000076fc7d0f0,0x000000076fc80000)
  to   space 10752K, 0% used [0x0000000773c80000,0x0000000773c80000,0x0000000774700000)
 ParOldGen       total 175104K, used 40376K [0x00000006c1600000, 0x00000006cc100000, 0x000000076b200000)
  object space 175104K, 23% used [0x00000006c1600000,0x00000006c3d6e000,0x00000006cc100000)
 Metaspace       used 9944K, capacity 10192K, committed 10368K, reserved 1058816K
  class space    used 1201K, capacity 1291K, committed 1408K, reserved 1048576K
Event: 2.255 GC heap after
Heap after GC invocations=2 (full 0):
 PSYoungGen      total 141824K, used 10744K [0x000000076b200000, 0x0000000774700000, 0x00000007c0000000)
  eden space 131072K, 0% used [0x000000076b200000,0x000000076b200000,0x0000000773200000)
  from space 10752K, 99% used [0x0000000773c80000,0x00000007746fe090,0x0000000774700000)
  to   space 10752K, 0% used [0x0000000773200000,0x0000000773200000,0x0000000773c80000)
 ParOldGen       total 175104K, used 86550K [0x00000006c1600000, 0x00000006cc100000, 0x000000076b200000)
  object space 175104K, 49% used [0x00000006c1600000,0x00000006c6a85900,0x00000006cc100000)
 Metaspace       used 9944K, capacity 10192K, committed 10368K, reserved 1058816K
  class space    used 1201K, capacity 1291K, committed 1408K, reserved 1048576K
}
Event: 3.395 GC heap before
{Heap before GC invocations=3 (full 0):
 PSYoungGen      total 141824K, used 141816K [0x000000076b200000, 0x0000000774700000, 0x00000007c0000000)
  eden space 131072K, 100% used [0x000000076b200000,0x0000000773200000,0x0000000773200000)
  from space 10752K, 99% used [0x0000000773c80000,0x00000007746fe090,0x0000000774700000)
  to   space 10752K, 0% used [0x0000000773200000,0x0000000773200000,0x0000000773c80000)
 ParOldGen       total 175104K, used 86550K [0x00000006c1600000, 0x00000006cc100000, 0x000000076b200000)
  object space 175104K, 49% used [0x00000006c1600000,0x00000006c6a85900,0x00000006cc100000)
 Metaspace       used 9994K, capacity 10192K, committed 10368K, reserved 1058816K
  class space    used 1201K, capacity 1291K, committed 1408K, reserved 1048576K
Event: 3.460 GC heap after
Heap after GC invocations=3 (full 0):
 PSYoungGen      total 141824K, used 10720K [0x000000076b200000, 0x000000077c700000, 0x00000007c0000000)
  eden space 131072K, 0% used [0x000000076b200000,0x000000076b200000,0x0000000773200000)
  from space 10752K, 99% used [0x0000000773200000,0x0000000773c78070,0x0000000773c80000)
  to   space 10752K, 0% used [0x000000077bc80000,0x000000077bc80000,0x000000077c700000)
 ParOldGen       total 175104K, used 167453K [0x00000006c1600000, 0x00000006cc100000, 0x000000076b200000)
  object space 175104K, 95% used [0x00000006c1600000,0x00000006cb987478,0x00000006cc100000)
 Metaspace       used 9994K, capacity 10192K, committed 10368K, reserved 1058816K
  class space    used 1201K, capacity 1291K, committed 1408K, reserved 1048576K
}
Event: 3.460 GC heap before
{Heap before GC invocations=4 (full 1):
 PSYoungGen      total 141824K, used 10720K [0x000000076b200000, 0x000000077c700000, 0x00000007c0000000)
  eden space 131072K, 0% used [0x000000076b200000,0x000000076b200000,0x0000000773200000)
  from space 10752K, 99% used [0x0000000773200000,0x0000000773c78070,0x0000000773c80000)
  to   space 10752K, 0% used [0x000000077bc80000,0x000000077bc80000,0x000000077c700000)
 ParOldGen       total 175104K, used 167453K [0x00000006c1600000, 0x00000006cc100000, 0x000000076b200000)
  object space 175104K, 95% used [0x00000006c1600000,0x00000006cb987478,0x00000006cc100000)
 Metaspace       used 9994K, capacity 10192K, committed 10368K, reserved 1058816K
  class space    used 1201K, capacity 1291K, committed 1408K, reserved 1048576K
Event: 4.043 GC heap after
Heap after GC invocations=4 (full 1):
 PSYoungGen      total 141824K, used 0K [0x000000076b200000, 0x000000077c700000, 0x00000007c0000000)
  eden space 131072K, 0% used [0x000000076b200000,0x000000076b200000,0x0000000773200000)
  from space 10752K, 0% used [0x0000000773200000,0x0000000773200000,0x0000000773c80000)
  to   space 10752K, 0% used [0x000000077bc80000,0x000000077bc80000,0x000000077c700000)
 ParOldGen       total 369152K, used 169741K [0x00000006c1600000, 0x00000006d7e80000, 0x000000076b200000)
  object space 369152K, 45% used [0x00000006c1600000,0x00000006cbbc3538,0x00000006d7e80000)
 Metaspace       used 9994K, capacity 10192K, committed 10368K, reserved 1058816K
  class space    used 1201K, capacity 1291K, committed 1408K, reserved 1048576K
}

Deoptimization events (10 events):
Event: 4.772 Thread 0x000000001ea24000 Uncommon trap: reason=unstable_if action=reinterpret pc=0x00000000033c3334 method=Game.entities.Player.tick()V @ 449
Event: 4.818 Thread 0x000000001ea24000 Uncommon trap: reason=unstable_if action=reinterpret pc=0x00000000033c4ae8 method=Game.entities.StaticEntitiesManager.tick()V @ 117
Event: 4.822 Thread 0x000000001ea24000 Uncommon trap: reason=unstable_if action=reinterpret pc=0x000000000337bff4 method=java.security.AccessControlContext.optimize()Ljava/security/AccessControlContext; @ 206
Event: 4.887 Thread 0x000000001ea24000 Uncommon trap: reason=unstable_if action=reinterpret pc=0x00000000033f9450 method=Game.tiles.TileManager.render(Ljava/awt/Graphics;)V @ 127
Event: 5.723 Thread 0x000000001ea24000 Uncommon trap: reason=unstable_if action=reinterpret pc=0x0000000003446374 method=Game.engine.Game.run()V @ 93
Event: 31.004 Thread 0x000000001ea24000 Uncommon trap: reason=unstable_if action=reinterpret pc=0x00000000034bc998 method=Game.entities.AnimalsManager.tick()V @ 286
Event: 31.005 Thread 0x000000001ea24000 Uncommon trap: reason=unstable_if action=reinterpret pc=0x00000000034b8c4c method=Game.entities.AnimalsManager.tick()V @ 286
Event: 31.005 Thread 0x000000001ea24000 Uncommon trap: reason=unstable_if action=reinterpret pc=0x000000000341e650 method=Game.entities.StaticEntitiesManager.tick()V @ 231
Event: 31.014 Thread 0x000000001ea24000 Uncommon trap: reason=unstable_if action=reinterpret pc=0x000000000340ccf4 method=Game.entities.StaticEntitiesManager.tick()V @ 231
Event: 38.247 Thread 0x000000001fa33800 Uncommon trap: reason=class_check action=maybe_recompile pc=0x00000000032b7f3c method=java.util.Arrays.copyOf([Ljava/lang/Object;ILjava/lang/Class;)[Ljava/lang/Object; @ 24

Internal exceptions (10 events):
Event: 0.032 Thread 0x0000000002e70800 Exception <a 'java/lang/NoSuchMethodError': Method sun.misc.Unsafe.defineClass(Ljava/lang/String;[BII)Ljava/lang/Class; name or signature does not match> (0x000000076b207c78) thrown at [C:\re\workspace\8-2-build-windows-amd64-cygwin\jdk8u111\7883\hotspot\
Event: 0.033 Thread 0x0000000002e70800 Exception <a 'java/lang/NoSuchMethodError': Method sun.misc.Unsafe.prefetchRead(Ljava/lang/Object;J)V name or signature does not match> (0x000000076b207f60) thrown at [C:\re\workspace\8-2-build-windows-amd64-cygwin\jdk8u111\7883\hotspot\src\share\vm\prims
Event: 0.104 Thread 0x000000001ea24000 Exception <a 'java/security/PrivilegedActionException'> (0x000000076c46e7f0) thrown at [C:\re\workspace\8-2-build-windows-amd64-cygwin\jdk8u111\7883\hotspot\src\share\vm\prims\jvm.cpp, line 1386]
Event: 0.104 Thread 0x000000001ea24000 Exception <a 'java/security/PrivilegedActionException'> (0x000000076c46ea00) thrown at [C:\re\workspace\8-2-build-windows-amd64-cygwin\jdk8u111\7883\hotspot\src\share\vm\prims\jvm.cpp, line 1386]
Event: 0.105 Thread 0x000000001ea24000 Exception <a 'java/security/PrivilegedActionException'> (0x000000076c472830) thrown at [C:\re\workspace\8-2-build-windows-amd64-cygwin\jdk8u111\7883\hotspot\src\share\vm\prims\jvm.cpp, line 1386]
Event: 0.105 Thread 0x000000001ea24000 Exception <a 'java/security/PrivilegedActionException'> (0x000000076c472a40) thrown at [C:\re\workspace\8-2-build-windows-amd64-cygwin\jdk8u111\7883\hotspot\src\share\vm\prims\jvm.cpp, line 1386]
Event: 0.112 Thread 0x000000001ea24000 Exception <a 'java/io/FileNotFoundException'> (0x000000076c47bb70) thrown at [C:\re\workspace\8-2-build-windows-amd64-cygwin\jdk8u111\7883\hotspot\src\share\vm\prims\jni.cpp, line 709]
Event: 0.146 Thread 0x000000001ea24000 Exception <a 'java/lang/NoSuchFieldError': method resolution failed> (0x000000076c549068) thrown at [C:\re\workspace\8-2-build-windows-amd64-cygwin\jdk8u111\7883\hotspot\src\share\vm\prims\methodHandles.cpp, line 1146]
Event: 0.147 Thread 0x000000001ea24000 Exception <a 'java/lang/NoSuchFieldError': method resolution failed> (0x000000076c556438) thrown at [C:\re\workspace\8-2-build-windows-amd64-cygwin\jdk8u111\7883\hotspot\src\share\vm\prims\methodHandles.cpp, line 1146]
Event: 0.180 Thread 0x000000001ea24000 Exception <a 'java/io/FileNotFoundException'> (0x000000076c5ea9b0) thrown at [C:\re\workspace\8-2-build-windows-amd64-cygwin\jdk8u111\7883\hotspot\src\share\vm\prims\jni.cpp, line 709]

Events (10 events):
Event: 38.248 Thread 0x000000001ebbd800 Thread added: 0x000000001ebbd800
Event: 38.248 Thread 0x000000001ebbc000 Thread exited: 0x000000001ebbc000
Event: 38.248 Thread 0x000000001fa92800 Thread exited: 0x000000001fa92800
Event: 38.248 loading class java/util/WeakHashMap$KeyIterator
Event: 38.248 loading class java/util/WeakHashMap$HashIterator
Event: 38.248 loading class java/util/WeakHashMap$HashIterator done
Event: 38.248 loading class java/util/WeakHashMap$KeyIterator done
Event: 38.248 Thread 0x000000001ebbd000 Thread exited: 0x000000001ebbd000
Event: 38.248 loading class sun/java2d/pipe/hw/AccelDeviceEventNotifier
Event: 38.248 loading class sun/java2d/pipe/hw/AccelDeviceEventNotifier done


Dynamic libraries:
0x00007ff647280000 - 0x00007ff6472b7000 	C:\Program Files\Java\jre1.8.0_111\bin\javaw.exe
0x00007ff92f8d0000 - 0x00007ff92fac5000 	C:\Windows\SYSTEM32\ntdll.dll
0x00007ff92eac0000 - 0x00007ff92eb7d000 	C:\Windows\System32\KERNEL32.DLL
0x00007ff92d190000 - 0x00007ff92d459000 	C:\Windows\System32\KERNELBASE.dll
0x00007ff92e320000 - 0x00007ff92e3cc000 	C:\Windows\System32\ADVAPI32.dll
0x00007ff92ed80000 - 0x00007ff92ee1e000 	C:\Windows\System32\msvcrt.dll
0x00007ff92d900000 - 0x00007ff92d99b000 	C:\Windows\System32\sechost.dll
0x00007ff92e400000 - 0x00007ff92e52a000 	C:\Windows\System32\RPCRT4.dll
0x00007ff92ebe0000 - 0x00007ff92ed80000 	C:\Windows\System32\USER32.dll
0x00007ff92d5c0000 - 0x00007ff92d5e2000 	C:\Windows\System32\win32u.dll
0x00007ff92e590000 - 0x00007ff92e5ba000 	C:\Windows\System32\GDI32.dll
0x00007ff92d030000 - 0x00007ff92d13b000 	C:\Windows\System32\gdi32full.dll
0x00007ff92d460000 - 0x00007ff92d4fd000 	C:\Windows\System32\msvcp_win.dll
0x00007ff92d800000 - 0x00007ff92d900000 	C:\Windows\System32\ucrtbase.dll
0x00007ff917680000 - 0x00007ff91791a000 	C:\Windows\WinSxS\amd64_microsoft.windows.common-controls_6595b64144ccf1df_6.0.19041.1110_none_60b5254171f9507e\COMCTL32.dll
0x00007ff92db40000 - 0x00007ff92db70000 	C:\Windows\System32\IMM32.DLL
0x000000006cec0000 - 0x000000006cf92000 	C:\Program Files\Java\jre1.8.0_111\bin\msvcr100.dll
0x000000006d160000 - 0x000000006d9fa000 	C:\Program Files\Java\jre1.8.0_111\bin\server\jvm.dll
0x00007ff92db30000 - 0x00007ff92db38000 	C:\Windows\System32\PSAPI.DLL
0x00007ff917970000 - 0x00007ff917979000 	C:\Windows\SYSTEM32\WSOCK32.dll
0x00007ff923cb0000 - 0x00007ff923cd7000 	C:\Windows\SYSTEM32\WINMM.dll
0x00007ff926450000 - 0x00007ff92645a000 	C:\Windows\SYSTEM32\VERSION.dll
0x00007ff92e620000 - 0x00007ff92e68b000 	C:\Windows\System32\WS2_32.dll
0x000000006d070000 - 0x000000006d07f000 	C:\Program Files\Java\jre1.8.0_111\bin\verify.dll
0x000000006d040000 - 0x000000006d069000 	C:\Program Files\Java\jre1.8.0_111\bin\java.dll
0x000000006d020000 - 0x000000006d036000 	C:\Program Files\Java\jre1.8.0_111\bin\zip.dll
0x00007ff92f120000 - 0x00007ff92f85f000 	C:\Windows\System32\SHELL32.dll
0x00007ff92b100000 - 0x00007ff92b890000 	C:\Windows\SYSTEM32\windows.storage.dll
0x00007ff92e690000 - 0x00007ff92e9e5000 	C:\Windows\System32\combase.dll
0x00007ff92ca30000 - 0x00007ff92ca5c000 	C:\Windows\SYSTEM32\Wldp.dll
0x00007ff92da80000 - 0x00007ff92db2e000 	C:\Windows\System32\SHCORE.dll
0x00007ff92e5c0000 - 0x00007ff92e615000 	C:\Windows\System32\shlwapi.dll
0x00007ff92cf10000 - 0x00007ff92cf2f000 	C:\Windows\SYSTEM32\profapi.dll
0x000000006cd20000 - 0x000000006ceb8000 	C:\Program Files\Java\jre1.8.0_111\bin\awt.dll
0x00007ff92e9f0000 - 0x00007ff92eabd000 	C:\Windows\System32\OLEAUT32.dll
0x00007ff92a920000 - 0x00007ff92a9b0000 	C:\Windows\SYSTEM32\apphelp.dll
0x00007ff92adf0000 - 0x00007ff92ae1f000 	C:\Windows\system32\DWMAPI.DLL
0x00007ff92aa40000 - 0x00007ff92aade000 	C:\Windows\system32\uxtheme.dll
0x00007ff92ee20000 - 0x00007ff92ef35000 	C:\Windows\System32\MSCTF.dll
0x00007ff92ef40000 - 0x00007ff92f06a000 	C:\Windows\System32\ole32.dll
0x00007ff92ae20000 - 0x00007ff92ae32000 	C:\Windows\SYSTEM32\kernel.appcore.dll
0x00007ff92d530000 - 0x00007ff92d5b3000 	C:\Windows\System32\bcryptPrimitives.dll
0x00007ff92d140000 - 0x00007ff92d18e000 	C:\Windows\System32\cfgmgr32.dll
0x00007ff92d500000 - 0x00007ff92d527000 	C:\Windows\System32\bcrypt.dll
0x00007ff923ec0000 - 0x00007ff923efb000 	C:\Windows\SYSTEM32\dxcore.dll
0x000000006ccd0000 - 0x000000006cd17000 	C:\Program Files\Java\jre1.8.0_111\bin\fontmanager.dll
0x00007ff91fbf0000 - 0x00007ff91fce9000 	C:\Windows\SYSTEM32\textinputframework.dll
0x00007ff92a2f0000 - 0x00007ff92a64e000 	C:\Windows\System32\CoreUIComponents.dll
0x00007ff92a650000 - 0x00007ff92a742000 	C:\Windows\System32\CoreMessaging.dll
0x00007ff929bf0000 - 0x00007ff929d44000 	C:\Windows\SYSTEM32\wintypes.dll
0x00007ff92bcd0000 - 0x00007ff92bd03000 	C:\Windows\SYSTEM32\ntmarta.dll
0x00007ff92c920000 - 0x00007ff92c938000 	C:\Windows\SYSTEM32\CRYPTSP.dll
0x00007ff92c040000 - 0x00007ff92c074000 	C:\Windows\system32\rsaenh.dll
0x00007ff92ce90000 - 0x00007ff92cebe000 	C:\Windows\SYSTEM32\USERENV.dll
0x00007ff92c910000 - 0x00007ff92c91c000 	C:\Windows\SYSTEM32\CRYPTBASE.dll
0x000000006d000000 - 0x000000006d01a000 	C:\Program Files\Java\jre1.8.0_111\bin\net.dll
0x00007ff92c720000 - 0x00007ff92c78a000 	C:\Windows\system32\mswsock.dll
0x00007ff92c3b0000 - 0x00007ff92c3eb000 	C:\Windows\SYSTEM32\IPHLPAPI.DLL
0x00007ff92e310000 - 0x00007ff92e318000 	C:\Windows\System32\NSI.dll
0x00007ff9272b0000 - 0x00007ff9272c7000 	C:\Windows\SYSTEM32\dhcpcsvc6.DLL
0x00007ff9271d0000 - 0x00007ff9271ed000 	C:\Windows\SYSTEM32\dhcpcsvc.DLL
0x00007ff92c3f0000 - 0x00007ff92c4bc000 	C:\Windows\SYSTEM32\DNSAPI.dll
0x000000006cfe0000 - 0x000000006cff1000 	C:\Program Files\Java\jre1.8.0_111\bin\nio.dll
0x000000006cc80000 - 0x000000006ccc2000 	C:\Program Files\Java\jre1.8.0_111\bin\t2k.dll
0x00007ff927c30000 - 0x00007ff927e14000 	C:\Windows\SYSTEM32\dbghelp.dll

VM Arguments:
jvm_args: -Dfile.encoding=Cp1252 
java_command: Game.engine.Launcher
java_class_path (initial): C:\Users\Spryzu\Documents\Proyectos\EclipseProjects\Survival\bin;C:\Users\Spryzu\Documents\Proyectos\EclipseProjects\Survival\res
Launcher Type: SUN_STANDARD

Environment Variables:
PATH=C:/Program Files/Java/jre1.8.0_111/bin/server;C:/Program Files/Java/jre1.8.0_111/bin;C:/Program Files/Java/jre1.8.0_111/lib/amd64;C:\Program Files (x86)\Common Files\Oracle\Java\javapath;C:\Windows\system32;C:\Windows;C:\Windows\System32\Wbem;C:\Windows\System32\WindowsPowerShell\v1.0\;C:\Windows\System32\OpenSSH\;C:\Program Files\Git\cmd;C:\Program Files\nodejs\;C:\Users\Spryzu\AppData\Local\Programs\Python\Python38-32\Scripts\;C:\Users\Spryzu\AppData\Local\Programs\Python\Python38-32\;D:\psyq\bin;C:\Users\Spryzu\AppData\Local\Programs\Microsoft VS Code\bin;C:\Program Files\heroku\bin;C:\Users\Spryzu\AppData\Roaming\npm;C:\Windows\System32;
USERNAME=Spryzu
OS=Windows_NT
PROCESSOR_IDENTIFIER=Intel64 Family 6 Model 60 Stepping 3, GenuineIntel



---------------  S Y S T E M  ---------------

OS: Windows 10.0 , 64 bit Build 19041 (10.0.19041.1151)

CPU:total 8 (4 cores per cpu, 2 threads per core) family 6 model 60 stepping 3, cmov, cx8, fxsr, mmx, sse, sse2, sse3, ssse3, sse4.1, sse4.2, popcnt, avx, avx2, aes, clmul, erms, lzcnt, ht, tsc, tscinvbit, bmi1, bmi2

Memory: 4k page, physical 16680616k(9606980k free), swap 28739240k(17540296k free)

vm_info: Java HotSpot(TM) 64-Bit Server VM (25.111-b14) for windows-amd64 JRE (1.8.0_111-b14), built on Sep 22 2016 19:24:05 by "java_re" with MS VC++ 10.0 (VS2010)

time: Mon Aug 16 14:31:16 2021
elapsed time: 38 seconds (0d 0h 0m 38s)

